<?xml version="1.0" encoding="UTF-8"?>
<testsuite name="DabEngine.Cache.CacheTest" tests="2" skipped="0" failures="0" errors="0" timestamp="2019-08-02T00:05:52" hostname="APPVYR-WIN" time="11.006">
  <properties/>
  <testcase name="checkIfObjectCanBeAddedAndRetrived" classname="DabEngine.Cache.CacheTest" time="3.005"/>
  <testcase name="checkIfCleaningWorks" classname="DabEngine.Cache.CacheTest" time="8.001"/>
  <system-out><![CDATA[]]></system-out>
  <system-err><![CDATA[]]></system-err>
</testsuite>
